2019-11-13 11:55:31,614 [Client thread] ERROR GottschCore | AbstractResourceManager.java:173 | Unable to locate resource /structures/treasure2/float/
2019-11-13 11:55:35,213 [Client thread] INFO GottschCore | VersionChecker.java:110 | [gottschcore] Starting version check at https://raw.githubusercontent.com/gottsch/gottsch-minecraft-GottschCore/master/GottschCore1.12.2/update.json
2019-11-13 11:55:37,974 [Client thread] INFO GottschCore | VersionChecker.java:110 | [treasure2] Starting version check at https://raw.githubusercontent.com/gottsch/gottsch-minecraft-Treasure/master/Treasure2-1.12.2/update.json
2019-11-13 12:16:59,202 [Client thread] ERROR GottschCore | AbstractResourceManager.java:173 | Unable to locate resource /structures/treasure2/float/
2019-11-13 12:17:03,259 [Client thread] INFO GottschCore | VersionChecker.java:110 | [gottschcore] Starting version check at https://raw.githubusercontent.com/gottsch/gottsch-minecraft-GottschCore/master/GottschCore1.12.2/update.json
2019-11-13 12:17:07,251 [Client thread] INFO GottschCore | VersionChecker.java:110 | [treasure2] Starting version check at https://raw.githubusercontent.com/gottsch/gottsch-minecraft-Treasure/master/Treasure2-1.12.2/update.json
2019-11-13 12:22:15,068 [Server thread] INFO Treasure2 | AbstractChestGenerator.java:190 | CHEATER! SCARCE chest at coords: -152 57 248
2019-11-13 12:22:20,168 [Server thread] INFO Treasure2 | AbstractChestGenerator.java:190 | CHEATER! UNCOMMON chest at coords: -72 49 296
2019-11-13 12:22:24,277 [Server thread] INFO Treasure2 | SimpleWellGenerator.java:85 | CHEATER! Wishing Well at coords: -24 61 344
2019-11-13 12:22:25,511 [Server thread] INFO Treasure2 | AbstractChestGenerator.java:190 | CHEATER! RARE chest at coords: -8 30 376
2019-11-13 12:37:39,861 [Server thread] INFO Treasure2 | AbstractChestGenerator.java:190 | CHEATER! COMMON chest at coords: 88 57 8
2019-11-13 12:38:47,416 [Server thread] INFO Treasure2 | AbstractChestGenerator.java:190 | CHEATER! COMMON chest at coords: -56 51 -40
2019-11-13 12:41:00,255 [Server thread] INFO Treasure2 | AbstractChestGenerator.java:190 | CHEATER! UNCOMMON chest at coords: 8 77 -152
2019-11-13 12:43:18,668 [Server thread] INFO Treasure2 | AbstractChestGenerator.java:190 | CHEATER! COMMON chest at coords: -40 52 -248
2019-11-13 12:44:05,399 [Server thread] INFO Treasure2 | AbstractChestGenerator.java:190 | CHEATER! UNCOMMON chest at coords: 264 54 -24
2019-11-13 12:47:52,884 [Server thread] INFO Treasure2 | SimpleWellGenerator.java:85 | CHEATER! Wishing Well at coords: 136 67 -344
2019-11-13 12:49:23,018 [Server thread] INFO Treasure2 | AbstractChestGenerator.java:190 | CHEATER! COMMON chest at coords: -136 57 -168
2019-11-13 12:49:59,759 [Server thread] INFO Treasure2 | AbstractChestGenerator.java:190 | CHEATER! EPIC chest at coords: -248 43 -152
2019-11-13 13:40:03,173 [Client thread] ERROR GottschCore | AbstractResourceManager.java:173 | Unable to locate resource /structures/treasure2/float/
2019-11-13 13:40:06,635 [Client thread] INFO GottschCore | VersionChecker.java:110 | [gottschcore] Starting version check at https://raw.githubusercontent.com/gottsch/gottsch-minecraft-GottschCore/master/GottschCore1.12.2/update.json
2019-11-13 13:40:09,047 [Client thread] INFO GottschCore | VersionChecker.java:110 | [treasure2] Starting version check at https://raw.githubusercontent.com/gottsch/gottsch-minecraft-Treasure/master/Treasure2-1.12.2/update.json
2019-11-13 15:42:04,032 [Client thread] ERROR GottschCore | AbstractResourceManager.java:173 | Unable to locate resource /structures/treasure2/float/
2019-11-13 15:42:07,827 [Client thread] INFO GottschCore | VersionChecker.java:110 | [gottschcore] Starting version check at https://raw.githubusercontent.com/gottsch/gottsch-minecraft-GottschCore/master/GottschCore1.12.2/update.json
2019-11-13 15:42:10,001 [Client thread] INFO GottschCore | VersionChecker.java:110 | [treasure2] Starting version check at https://raw.githubusercontent.com/gottsch/gottsch-minecraft-Treasure/master/Treasure2-1.12.2/update.json
2019-11-13 19:34:13,944 [Client thread] ERROR GottschCore | AbstractResourceManager.java:173 | Unable to locate resource /structures/treasure2/float/
2019-11-13 19:34:17,896 [Client thread] INFO GottschCore | VersionChecker.java:110 | [gottschcore] Starting version check at https://raw.githubusercontent.com/gottsch/gottsch-minecraft-GottschCore/master/GottschCore1.12.2/update.json
2019-11-13 19:34:20,237 [Client thread] INFO GottschCore | VersionChecker.java:110 | [treasure2] Starting version check at https://raw.githubusercontent.com/gottsch/gottsch-minecraft-Treasure/master/Treasure2-1.12.2/update.json
2019-11-13 20:07:54,753 [Client thread] ERROR GottschCore | AbstractResourceManager.java:173 | Unable to locate resource /structures/treasure2/float/
2019-11-13 20:07:58,367 [Client thread] INFO GottschCore | VersionChecker.java:110 | [gottschcore] Starting version check at https://raw.githubusercontent.com/gottsch/gottsch-minecraft-GottschCore/master/GottschCore1.12.2/update.json
2019-11-13 20:08:00,527 [Client thread] INFO GottschCore | VersionChecker.java:110 | [treasure2] Starting version check at https://raw.githubusercontent.com/gottsch/gottsch-minecraft-Treasure/master/Treasure2-1.12.2/update.json
2019-11-13 20:47:08,237 [Client thread] ERROR GottschCore | AbstractResourceManager.java:173 | Unable to locate resource /structures/treasure2/float/
2019-11-13 20:47:11,874 [Client thread] INFO GottschCore | VersionChecker.java:110 | [gottschcore] Starting version check at https://raw.githubusercontent.com/gottsch/gottsch-minecraft-GottschCore/master/GottschCore1.12.2/update.json
2019-11-13 20:47:13,822 [Client thread] INFO GottschCore | VersionChecker.java:110 | [treasure2] Starting version check at https://raw.githubusercontent.com/gottsch/gottsch-minecraft-Treasure/master/Treasure2-1.12.2/update.json
2019-11-13 20:48:34,959 [Server thread] INFO Treasure2 | AbstractChestGenerator.java:190 | CHEATER! COMMON chest at coords: -280 53 264
2019-11-13 20:48:39,651 [Server thread] INFO Treasure2 | AbstractChestGenerator.java:190 | CHEATER! COMMON chest at coords: -216 60 344
2019-11-13 20:48:43,082 [Server thread] INFO Treasure2 | WoodDrawWellGenerator.java:79 | CHEATER! Wishing Well at coords: -152 64 328
2019-11-13 20:48:43,823 [Server thread] INFO Treasure2 | AbstractChestGenerator.java:190 | CHEATER! COMMON chest at coords: -136 73 296
2019-11-13 20:52:36,893 [Server thread] INFO Treasure2 | AbstractChestGenerator.java:190 | CHEATER! SCARCE chest at coords: -552 40 56
2019-11-13 20:52:53,604 [Server thread] INFO Treasure2 | AbstractChestGenerator.java:190 | CHEATER! UNCOMMON chest at coords: -88 66 152
2019-11-13 20:53:01,071 [Server thread] INFO Treasure2 | SimpleWellGenerator.java:85 | CHEATER! Wishing Well at coords: -56 64 248
2019-11-13 20:54:33,802 [Server thread] INFO Treasure2 | AbstractChestGenerator.java:190 | CHEATER! COMMON chest at coords: 24 57 312
2019-11-13 20:54:44,600 [Server thread] INFO Treasure2 | AbstractChestGenerator.java:190 | CHEATER! UNCOMMON chest at coords: -232 44 472
2019-11-13 20:54:52,384 [Server thread] INFO Treasure2 | AbstractChestGenerator.java:190 | CHEATER! COMMON chest at coords: -236 55 552
2019-11-13 20:55:13,327 [Server thread] WARN GottschCore | LootTable.java:71 | Tried to over-fill a container
2019-11-13 20:55:13,328 [Server thread] INFO Treasure2 | AbstractChestGenerator.java:190 | CHEATER! RARE chest at coords: -138 50 662
2019-11-13 20:55:14,184 [Server thread] INFO Treasure2 | SimpleWellGenerator.java:85 | CHEATER! Wishing Well at coords: -232 68 648
2019-11-13 20:55:19,157 [Server thread] INFO Treasure2 | AbstractChestGenerator.java:190 | CHEATER! COMMON chest at coords: -232 57 744
2019-11-13 20:55:27,463 [Server thread] INFO Treasure2 | AbstractChestGenerator.java:190 | CHEATER! SCARCE chest at coords: -296 53 840
2019-11-13 20:55:38,399 [Server thread] INFO Treasure2 | AbstractChestGenerator.java:190 | CHEATER! UNCOMMON chest at coords: -88 50 840
2019-11-13 20:56:00,658 [Server thread] INFO Treasure2 | AbstractChestGenerator.java:190 | CHEATER! COMMON chest at coords: -200 53 955
2019-11-13 20:57:47,506 [Server thread] WARN GottschCore | LootTable.java:71 | Tried to over-fill a container
2019-11-13 20:57:47,506 [Server thread] INFO Treasure2 | AbstractChestGenerator.java:190 | CHEATER! SCARCE chest at coords: -408 38 808
2019-11-13 20:57:57,339 [Server thread] INFO Treasure2 | AbstractChestGenerator.java:190 | CHEATER! RARE chest at coords: -472 34 680
2019-11-13 20:58:25,333 [Server thread] INFO Treasure2 | AbstractChestGenerator.java:190 | CHEATER! COMMON chest at coords: -632 67 712
2019-11-15 22:03:16,220 [Client thread] ERROR GottschCore | AbstractResourceManager.java:173 | Unable to locate resource /structures/treasure2/float/
2019-11-15 22:03:21,669 [Client thread] INFO GottschCore | VersionChecker.java:110 | [gottschcore] Starting version check at https://raw.githubusercontent.com/gottsch/gottsch-minecraft-GottschCore/master/GottschCore1.12.2/update.json
2019-11-15 22:03:24,386 [Client thread] INFO GottschCore | VersionChecker.java:110 | [treasure2] Starting version check at https://raw.githubusercontent.com/gottsch/gottsch-minecraft-Treasure/master/Treasure2-1.12.2/update.json
2019-11-15 23:57:14,394 [Client thread] ERROR GottschCore | AbstractResourceManager.java:173 | Unable to locate resource /structures/treasure2/float/
2019-11-15 23:57:19,895 [Client thread] INFO GottschCore | VersionChecker.java:110 | [gottschcore] Starting version check at https://raw.githubusercontent.com/gottsch/gottsch-minecraft-GottschCore/master/GottschCore1.12.2/update.json
2019-11-15 23:57:22,888 [Client thread] INFO GottschCore | VersionChecker.java:110 | [treasure2] Starting version check at https://raw.githubusercontent.com/gottsch/gottsch-minecraft-Treasure/master/Treasure2-1.12.2/update.json
2019-11-16 00:04:46,178 [Client thread] ERROR GottschCore | AbstractResourceManager.java:173 | Unable to locate resource /structures/treasure2/float/
2019-11-16 00:04:51,699 [Client thread] INFO GottschCore | VersionChecker.java:110 | [gottschcore] Starting version check at https://raw.githubusercontent.com/gottsch/gottsch-minecraft-GottschCore/master/GottschCore1.12.2/update.json
2019-11-16 00:04:54,250 [Client thread] INFO GottschCore | VersionChecker.java:110 | [treasure2] Starting version check at https://raw.githubusercontent.com/gottsch/gottsch-minecraft-Treasure/master/Treasure2-1.12.2/update.json
2019-11-16 00:35:12,782 [Server thread] INFO Treasure2 | AbstractChestGenerator.java:190 | CHEATER! COMMON chest at coords: 280 71 -296
2019-11-16 00:35:35,371 [Server thread] INFO Treasure2 | CanopyWellGenerator.java:79 | CHEATER! Wishing Well at coords: 168 77 -392
2019-11-16 00:35:39,590 [Server thread] INFO Treasure2 | AbstractChestGenerator.java:190 | CHEATER! COMMON chest at coords: 168 67 -402
2019-11-16 00:35:48,373 [Server thread] WARN GottschCore | LootTable.java:71 | Tried to over-fill a container
2019-11-16 00:35:48,390 [Server thread] INFO Treasure2 | AbstractChestGenerator.java:190 | CHEATER! SCARCE chest at coords: 299 47 -599
2019-11-16 00:36:00,654 [Server thread] INFO Treasure2 | AbstractChestGenerator.java:190 | CHEATER! COMMON chest at coords: 214 76 -507
2019-11-16 22:13:47,599 [Client thread] ERROR GottschCore | AbstractResourceManager.java:173 | Unable to locate resource /structures/treasure2/float/
2019-11-16 22:13:53,088 [Client thread] INFO GottschCore | VersionChecker.java:110 | [gottschcore] Starting version check at https://raw.githubusercontent.com/gottsch/gottsch-minecraft-GottschCore/master/GottschCore1.12.2/update.json
2019-11-16 22:13:55,952 [Client thread] INFO GottschCore | VersionChecker.java:110 | [treasure2] Starting version check at https://raw.githubusercontent.com/gottsch/gottsch-minecraft-Treasure/master/Treasure2-1.12.2/update.json
2019-11-16 22:17:54,826 [Server thread] INFO Treasure2 | WoodDrawWellGenerator.java:79 | CHEATER! Wishing Well at coords: 152 113 -568
2019-11-16 22:17:55,766 [Server thread] INFO Treasure2 | AbstractChestGenerator.java:190 | CHEATER! UNCOMMON chest at coords: 184 86 -594
2019-11-16 22:19:15,006 [Server thread] INFO Treasure2 | AbstractChestGenerator.java:190 | CHEATER! COMMON chest at coords: -40 80 -456
2019-11-16 22:24:24,507 [Server thread] INFO Treasure2 | AbstractChestGenerator.java:190 | CHEATER! COMMON chest at coords: -139 58 -437
2019-11-22 00:51:02,840 [Client thread] ERROR GottschCore | AbstractResourceManager.java:173 | Unable to locate resource /structures/treasure2/float/
2019-11-22 00:51:08,488 [Client thread] INFO GottschCore | VersionChecker.java:110 | [gottschcore] Starting version check at https://raw.githubusercontent.com/gottsch/gottsch-minecraft-GottschCore/master/GottschCore1.12.2/update.json
2019-11-22 00:51:11,260 [Client thread] INFO GottschCore | VersionChecker.java:110 | [treasure2] Starting version check at https://raw.githubusercontent.com/gottsch/gottsch-minecraft-Treasure/master/Treasure2-1.12.2/update.json
2019-11-23 01:11:35,054 [Client thread] ERROR GottschCore | AbstractResourceManager.java:173 | Unable to locate resource /structures/treasure2/float/
2019-11-23 01:11:40,482 [Client thread] INFO GottschCore | VersionChecker.java:110 | [gottschcore] Starting version check at https://raw.githubusercontent.com/gottsch/gottsch-minecraft-GottschCore/master/GottschCore1.12.2/update.json
2019-11-23 01:11:43,324 [Client thread] INFO GottschCore | VersionChecker.java:110 | [treasure2] Starting version check at https://raw.githubusercontent.com/gottsch/gottsch-minecraft-Treasure/master/Treasure2-1.12.2/update.json
2019-11-23 22:19:02,196 [Client thread] ERROR GottschCore | AbstractResourceManager.java:173 | Unable to locate resource /structures/treasure2/float/
2019-11-23 22:19:07,828 [Client thread] INFO GottschCore | VersionChecker.java:110 | [gottschcore] Starting version check at https://raw.githubusercontent.com/gottsch/gottsch-minecraft-GottschCore/master/GottschCore1.12.2/update.json
2019-11-23 22:19:10,580 [Client thread] INFO GottschCore | VersionChecker.java:110 | [treasure2] Starting version check at https://raw.githubusercontent.com/gottsch/gottsch-minecraft-Treasure/master/Treasure2-1.12.2/update.json
2019-11-23 22:50:33,756 [Client thread] ERROR GottschCore | AbstractResourceManager.java:173 | Unable to locate resource /structures/treasure2/float/
2019-11-23 22:50:39,439 [Client thread] INFO GottschCore | VersionChecker.java:110 | [gottschcore] Starting version check at https://raw.githubusercontent.com/gottsch/gottsch-minecraft-GottschCore/master/GottschCore1.12.2/update.json
2019-11-23 22:50:42,093 [Client thread] INFO GottschCore | VersionChecker.java:110 | [treasure2] Starting version check at https://raw.githubusercontent.com/gottsch/gottsch-minecraft-Treasure/master/Treasure2-1.12.2/update.json
2019-11-24 00:52:54,331 [Client thread] ERROR GottschCore | AbstractResourceManager.java:173 | Unable to locate resource /structures/treasure2/float/
2019-11-24 00:52:59,929 [Client thread] INFO GottschCore | VersionChecker.java:110 | [gottschcore] Starting version check at https://raw.githubusercontent.com/gottsch/gottsch-minecraft-GottschCore/master/GottschCore1.12.2/update.json
2019-11-24 00:53:02,623 [Client thread] INFO GottschCore | VersionChecker.java:110 | [treasure2] Starting version check at https://raw.githubusercontent.com/gottsch/gottsch-minecraft-Treasure/master/Treasure2-1.12.2/update.json
2019-11-27 20:56:18,620 [Client thread] ERROR GottschCore | AbstractResourceManager.java:173 | Unable to locate resource /structures/treasure2/float/
2019-11-27 20:56:24,167 [Client thread] INFO GottschCore | VersionChecker.java:110 | [gottschcore] Starting version check at https://raw.githubusercontent.com/gottsch/gottsch-minecraft-GottschCore/master/GottschCore1.12.2/update.json
2019-11-27 20:56:27,442 [Client thread] INFO GottschCore | VersionChecker.java:110 | [treasure2] Starting version check at https://raw.githubusercontent.com/gottsch/gottsch-minecraft-Treasure/master/Treasure2-1.12.2/update.json
2019-11-28 21:46:33,018 [Client thread] ERROR GottschCore | AbstractResourceManager.java:173 | Unable to locate resource /structures/treasure2/float/
2019-11-28 21:46:38,497 [Client thread] INFO GottschCore | VersionChecker.java:110 | [gottschcore] Starting version check at https://raw.githubusercontent.com/gottsch/gottsch-minecraft-GottschCore/master/GottschCore1.12.2/update.json
2019-11-28 21:46:41,474 [Client thread] INFO GottschCore | VersionChecker.java:110 | [treasure2] Starting version check at https://raw.githubusercontent.com/gottsch/gottsch-minecraft-Treasure/master/Treasure2-1.12.2/update.json
2019-11-28 22:05:58,598 [Client thread] ERROR GottschCore | AbstractResourceManager.java:173 | Unable to locate resource /structures/treasure2/float/
2019-11-28 22:06:04,027 [Client thread] INFO GottschCore | VersionChecker.java:110 | [gottschcore] Starting version check at https://raw.githubusercontent.com/gottsch/gottsch-minecraft-GottschCore/master/GottschCore1.12.2/update.json
2019-11-28 22:06:06,697 [Client thread] INFO GottschCore | VersionChecker.java:110 | [treasure2] Starting version check at https://raw.githubusercontent.com/gottsch/gottsch-minecraft-Treasure/master/Treasure2-1.12.2/update.json
2019-11-28 22:50:18,290 [Server thread] INFO Treasure2 | AbstractChestGenerator.java:190 | CHEATER! COMMON chest at coords: 104 92 -664
2019-11-28 23:02:35,524 [Server thread] INFO Treasure2 | AbstractChestGenerator.java:190 | CHEATER! UNCOMMON chest at coords: 712 63 -312
2019-11-28 23:02:48,244 [Server thread] WARN GottschCore | LootTable.java:71 | Tried to over-fill a container
2019-11-28 23:02:48,245 [Server thread] INFO Treasure2 | AbstractChestGenerator.java:190 | CHEATER! RARE chest at coords: 699 32 -430
2019-11-28 23:03:39,980 [Server thread] INFO Treasure2 | AbstractChestGenerator.java:190 | CHEATER! EPIC chest at coords: 552 32 -664
2019-11-28 23:06:09,295 [Server thread] WARN GottschCore | LootTable.java:71 | Tried to over-fill a container
2019-11-28 23:06:09,296 [Server thread] INFO Treasure2 | AbstractChestGenerator.java:190 | CHEATER! SCARCE chest at coords: 645 39 -690
2019-11-28 23:06:49,927 [Server thread] WARN GottschCore | LootTable.java:71 | Tried to over-fill a container
2019-11-28 23:06:49,928 [Server thread] INFO Treasure2 | AbstractChestGenerator.java:190 | CHEATER! RARE chest at coords: 718 41 -613
2019-11-28 23:11:34,741 [Server thread] INFO Treasure2 | AbstractChestGenerator.java:190 | CHEATER! SCARCE chest at coords: 281 37 -813
2019-11-28 23:12:34,197 [Server thread] INFO Treasure2 | AbstractChestGenerator.java:190 | CHEATER! UNCOMMON chest at coords: 196 53 -791
2019-11-28 23:13:34,280 [Server thread] INFO Treasure2 | SimpleWellGenerator.java:85 | CHEATER! Wishing Well at coords: 184 73 -808
2019-11-28 23:15:34,612 [Server thread] INFO Treasure2 | AbstractChestGenerator.java:190 | CHEATER! COMMON chest at coords: 56 62 -904
2019-11-28 23:16:53,925 [Server thread] INFO Treasure2 | AbstractChestGenerator.java:190 | CHEATER! SCARCE chest at coords: -56 38 -680
2019-11-29 21:31:34,243 [Client thread] ERROR GottschCore | AbstractResourceManager.java:173 | Unable to locate resource /structures/treasure2/float/
2019-11-29 21:31:39,898 [Client thread] INFO GottschCore | VersionChecker.java:110 | [gottschcore] Starting version check at https://raw.githubusercontent.com/gottsch/gottsch-minecraft-GottschCore/master/GottschCore1.12.2/update.json
2019-11-29 21:31:42,806 [Client thread] INFO GottschCore | VersionChecker.java:110 | [treasure2] Starting version check at https://raw.githubusercontent.com/gottsch/gottsch-minecraft-Treasure/master/Treasure2-1.12.2/update.json
2019-11-29 21:40:59,308 [Server thread] INFO Treasure2 | AbstractChestGenerator.java:190 | CHEATER! COMMON chest at coords: 88 52 -1032
2019-11-29 22:01:26,094 [Client thread] ERROR GottschCore | AbstractResourceManager.java:173 | Unable to locate resource /structures/treasure2/float/
2019-11-29 22:01:31,759 [Client thread] INFO GottschCore | VersionChecker.java:110 | [gottschcore] Starting version check at https://raw.githubusercontent.com/gottsch/gottsch-minecraft-GottschCore/master/GottschCore1.12.2/update.json
2019-11-29 22:01:34,480 [Client thread] INFO GottschCore | VersionChecker.java:110 | [treasure2] Starting version check at https://raw.githubusercontent.com/gottsch/gottsch-minecraft-Treasure/master/Treasure2-1.12.2/update.json
2019-11-29 22:52:51,565 [Client thread] ERROR GottschCore | AbstractResourceManager.java:173 | Unable to locate resource /structures/treasure2/float/
2019-11-29 22:52:57,277 [Client thread] INFO GottschCore | VersionChecker.java:110 | [gottschcore] Starting version check at https://raw.githubusercontent.com/gottsch/gottsch-minecraft-GottschCore/master/GottschCore1.12.2/update.json
2019-11-29 22:52:59,801 [Client thread] INFO GottschCore | VersionChecker.java:110 | [treasure2] Starting version check at https://raw.githubusercontent.com/gottsch/gottsch-minecraft-Treasure/master/Treasure2-1.12.2/update.json
2019-11-29 23:00:31,322 [Client thread] ERROR GottschCore | AbstractResourceManager.java:173 | Unable to locate resource /structures/treasure2/float/
2019-11-29 23:00:36,669 [Client thread] INFO GottschCore | VersionChecker.java:110 | [gottschcore] Starting version check at https://raw.githubusercontent.com/gottsch/gottsch-minecraft-GottschCore/master/GottschCore1.12.2/update.json
2019-11-29 23:00:39,357 [Client thread] INFO GottschCore | VersionChecker.java:110 | [treasure2] Starting version check at https://raw.githubusercontent.com/gottsch/gottsch-minecraft-Treasure/master/Treasure2-1.12.2/update.json
2019-12-05 20:22:19,090 [Client thread] ERROR GottschCore | AbstractResourceManager.java:173 | Unable to locate resource /structures/treasure2/float/
2019-12-05 20:22:24,574 [Client thread] INFO GottschCore | VersionChecker.java:110 | [gottschcore] Starting version check at https://raw.githubusercontent.com/gottsch/gottsch-minecraft-GottschCore/master/GottschCore1.12.2/update.json
2019-12-05 20:22:27,617 [Client thread] INFO GottschCore | VersionChecker.java:110 | [treasure2] Starting version check at https://raw.githubusercontent.com/gottsch/gottsch-minecraft-Treasure/master/Treasure2-1.12.2/update.json
2019-12-05 21:47:24,431 [Client thread] ERROR GottschCore | AbstractResourceManager.java:173 | Unable to locate resource /structures/treasure2/float/
2019-12-05 21:47:30,286 [Client thread] INFO GottschCore | VersionChecker.java:110 | [gottschcore] Starting version check at https://raw.githubusercontent.com/gottsch/gottsch-minecraft-GottschCore/master/GottschCore1.12.2/update.json
2019-12-05 21:47:33,130 [Client thread] INFO GottschCore | VersionChecker.java:110 | [treasure2] Starting version check at https://raw.githubusercontent.com/gottsch/gottsch-minecraft-Treasure/master/Treasure2-1.12.2/update.json
2019-12-05 22:13:59,809 [Client thread] ERROR GottschCore | AbstractResourceManager.java:173 | Unable to locate resource /structures/treasure2/float/
2019-12-05 22:14:05,429 [Client thread] INFO GottschCore | VersionChecker.java:110 | [gottschcore] Starting version check at https://raw.githubusercontent.com/gottsch/gottsch-minecraft-GottschCore/master/GottschCore1.12.2/update.json
2019-12-05 22:14:08,376 [Client thread] INFO GottschCore | VersionChecker.java:110 | [treasure2] Starting version check at https://raw.githubusercontent.com/gottsch/gottsch-minecraft-Treasure/master/Treasure2-1.12.2/update.json
2019-12-05 22:54:47,614 [Client thread] ERROR GottschCore | AbstractResourceManager.java:173 | Unable to locate resource /structures/treasure2/float/
2019-12-05 22:54:52,991 [Client thread] INFO GottschCore | VersionChecker.java:110 | [gottschcore] Starting version check at https://raw.githubusercontent.com/gottsch/gottsch-minecraft-GottschCore/master/GottschCore1.12.2/update.json
2019-12-05 22:54:55,611 [Client thread] INFO GottschCore | VersionChecker.java:110 | [treasure2] Starting version check at https://raw.githubusercontent.com/gottsch/gottsch-minecraft-Treasure/master/Treasure2-1.12.2/update.json
2019-12-05 23:23:57,629 [Client thread] ERROR GottschCore | AbstractResourceManager.java:173 | Unable to locate resource /structures/treasure2/float/
2019-12-05 23:24:03,196 [Client thread] INFO GottschCore | VersionChecker.java:110 | [gottschcore] Starting version check at https://raw.githubusercontent.com/gottsch/gottsch-minecraft-GottschCore/master/GottschCore1.12.2/update.json
2019-12-05 23:27:03,353 [Client thread] WARN GottschCore | VersionChecker.java:119 | Unexpected expection in data stream: 
java.net.SocketTimeoutException: Read timed out
	at java.net.SocketInputStream.socketRead0(Native Method) ~[?:1.8.0_181]
	at java.net.SocketInputStream.socketRead(Unknown Source) ~[?:1.8.0_181]
	at java.net.SocketInputStream.read(Unknown Source) ~[?:1.8.0_181]
	at java.net.SocketInputStream.read(Unknown Source) ~[?:1.8.0_181]
	at sun.security.ssl.InputRecord.readFully(Unknown Source) ~[?:1.8.0_181]
	at sun.security.ssl.InputRecord.read(Unknown Source) ~[?:1.8.0_181]
	at sun.security.ssl.SSLSocketImpl.readRecord(Unknown Source) ~[?:1.8.0_181]
	at sun.security.ssl.SSLSocketImpl.performInitialHandshake(Unknown Source) ~[?:1.8.0_181]
	at sun.security.ssl.SSLSocketImpl.startHandshake(Unknown Source) ~[?:1.8.0_181]
	at sun.security.ssl.SSLSocketImpl.startHandshake(Unknown Source) ~[?:1.8.0_181]
	at sun.net.www.protocol.https.HttpsClient.afterConnect(Unknown Source) ~[?:1.8.0_181]
	at sun.net.www.protocol.https.AbstractDelegateHttpsURLConnection.connect(Unknown Source) ~[?:1.8.0_181]
	at sun.net.www.protocol.http.HttpURLConnection.getInputStream0(Unknown Source) ~[?:1.8.0_181]
	at sun.net.www.protocol.http.HttpURLConnection.access$200(Unknown Source) ~[?:1.8.0_181]
	at sun.net.www.protocol.http.HttpURLConnection$9.run(Unknown Source) ~[?:1.8.0_181]
	at sun.net.www.protocol.http.HttpURLConnection$9.run(Unknown Source) ~[?:1.8.0_181]
	at java.security.AccessController.doPrivileged(Native Method) ~[?:1.8.0_181]
	at java.security.AccessController.doPrivilegedWithCombiner(Unknown Source) ~[?:1.8.0_181]
	at sun.net.www.protocol.http.HttpURLConnection.getInputStream(Unknown Source) ~[?:1.8.0_181]
	at sun.net.www.protocol.https.HttpsURLConnectionImpl.getInputStream(Unknown Source) ~[?:1.8.0_181]
	at java.net.URL.openStream(Unknown Source) ~[?:1.8.0_181]
	at com.someguyssoftware.gottschcore.version.VersionChecker.getVersionUsingForge(VersionChecker.java:114) [VersionChecker.class:?]
	at com.someguyssoftware.gottschcore.mod.AbstractMod.postInit(AbstractMod.java:62) [AbstractMod.class:?]
	at com.someguyssoftware.gottschcore.GottschCore.postInit(GottschCore.java:93) [GottschCore.class:?]
	at sun.reflect.NativeMethodAccessorImpl.invoke0(Native Method) ~[?:1.8.0_181]
	at sun.reflect.NativeMethodAccessorImpl.invoke(Unknown Source) ~[?:1.8.0_181]
	at sun.reflect.DelegatingMethodAccessorImpl.invoke(Unknown Source) ~[?:1.8.0_181]
	at java.lang.reflect.Method.invoke(Unknown Source) ~[?:1.8.0_181]
	at net.minecraftforge.fml.common.FMLModContainer.handleModStateEvent(FMLModContainer.java:637) [FMLModContainer.class:?]
	at sun.reflect.GeneratedMethodAccessor9.invoke(Unknown Source) ~[?:?]
	at sun.reflect.DelegatingMethodAccessorImpl.invoke(Unknown Source) ~[?:1.8.0_181]
	at java.lang.reflect.Method.invoke(Unknown Source) ~[?:1.8.0_181]
	at com.google.common.eventbus.Subscriber.invokeSubscriberMethod(Subscriber.java:91) [guava-21.0.jar:?]
	at com.google.common.eventbus.Subscriber$SynchronizedSubscriber.invokeSubscriberMethod(Subscriber.java:150) [guava-21.0.jar:?]
	at com.google.common.eventbus.Subscriber$1.run(Subscriber.java:76) [guava-21.0.jar:?]
	at com.google.common.util.concurrent.MoreExecutors$DirectExecutor.execute(MoreExecutors.java:399) [guava-21.0.jar:?]
	at com.google.common.eventbus.Subscriber.dispatchEvent(Subscriber.java:71) [guava-21.0.jar:?]
	at com.google.common.eventbus.Dispatcher$PerThreadQueuedDispatcher.dispatch(Dispatcher.java:116) [guava-21.0.jar:?]
	at com.google.common.eventbus.EventBus.post(EventBus.java:217) [guava-21.0.jar:?]
	at net.minecraftforge.fml.common.LoadController.sendEventToModContainer(LoadController.java:219) [LoadController.class:?]
	at net.minecraftforge.fml.common.LoadController.propogateStateMessage(LoadController.java:197) [LoadController.class:?]
	at sun.reflect.NativeMethodAccessorImpl.invoke0(Native Method) ~[?:1.8.0_181]
	at sun.reflect.NativeMethodAccessorImpl.invoke(Unknown Source) ~[?:1.8.0_181]
	at sun.reflect.DelegatingMethodAccessorImpl.invoke(Unknown Source) ~[?:1.8.0_181]
	at java.lang.reflect.Method.invoke(Unknown Source) ~[?:1.8.0_181]
	at com.google.common.eventbus.Subscriber.invokeSubscriberMethod(Subscriber.java:91) [guava-21.0.jar:?]
	at com.google.common.eventbus.Subscriber$SynchronizedSubscriber.invokeSubscriberMethod(Subscriber.java:150) [guava-21.0.jar:?]
	at com.google.common.eventbus.Subscriber$1.run(Subscriber.java:76) [guava-21.0.jar:?]
	at com.google.common.util.concurrent.MoreExecutors$DirectExecutor.execute(MoreExecutors.java:399) [guava-21.0.jar:?]
	at com.google.common.eventbus.Subscriber.dispatchEvent(Subscriber.java:71) [guava-21.0.jar:?]
	at com.google.common.eventbus.Dispatcher$PerThreadQueuedDispatcher.dispatch(Dispatcher.java:116) [guava-21.0.jar:?]
	at com.google.common.eventbus.EventBus.post(EventBus.java:217) [guava-21.0.jar:?]
	at net.minecraftforge.fml.common.LoadController.distributeStateMessage(LoadController.java:136) [LoadController.class:?]
	at net.minecraftforge.fml.common.Loader.initializeMods(Loader.java:749) [Loader.class:?]
	at net.minecraftforge.fml.client.FMLClientHandler.finishMinecraftLoading(FMLClientHandler.java:336) [FMLClientHandler.class:?]
	at net.minecraft.client.Minecraft.func_71384_a(Minecraft.java:535) [bib.class:?]
	at net.minecraft.client.Minecraft.func_99999_d(Minecraft.java:378) [bib.class:?]
	at net.minecraft.client.main.Main.main(SourceFile:123) [Main.class:?]
	at sun.reflect.NativeMethodAccessorImpl.invoke0(Native Method) ~[?:1.8.0_181]
	at sun.reflect.NativeMethodAccessorImpl.invoke(Unknown Source) ~[?:1.8.0_181]
	at sun.reflect.DelegatingMethodAccessorImpl.invoke(Unknown Source) ~[?:1.8.0_181]
	at java.lang.reflect.Method.invoke(Unknown Source) ~[?:1.8.0_181]
	at net.minecraft.launchwrapper.Launch.launch(Launch.java:135) [launchwrapper-1.12.jar:?]
	at net.minecraft.launchwrapper.Launch.main(Launch.java:28) [launchwrapper-1.12.jar:?]
2019-12-05 23:27:03,355 [Client thread] WARN GottschCore | VersionChecker.java:55 | Bad URL: null
2019-12-05 23:27:05,623 [Client thread] INFO GottschCore | VersionChecker.java:110 | [treasure2] Starting version check at https://raw.githubusercontent.com/gottsch/gottsch-minecraft-Treasure/master/Treasure2-1.12.2/update.json
2019-12-05 23:29:45,767 [Client thread] WARN GottschCore | VersionChecker.java:119 | Unexpected expection in data stream: 
java.net.SocketTimeoutException: Read timed out
	at java.net.SocketInputStream.socketRead0(Native Method) ~[?:1.8.0_181]
	at java.net.SocketInputStream.socketRead(Unknown Source) ~[?:1.8.0_181]
	at java.net.SocketInputStream.read(Unknown Source) ~[?:1.8.0_181]
	at java.net.SocketInputStream.read(Unknown Source) ~[?:1.8.0_181]
	at sun.security.ssl.InputRecord.readFully(Unknown Source) ~[?:1.8.0_181]
	at sun.security.ssl.InputRecord.read(Unknown Source) ~[?:1.8.0_181]
	at sun.security.ssl.SSLSocketImpl.readRecord(Unknown Source) ~[?:1.8.0_181]
	at sun.security.ssl.SSLSocketImpl.performInitialHandshake(Unknown Source) ~[?:1.8.0_181]
	at sun.security.ssl.SSLSocketImpl.startHandshake(Unknown Source) ~[?:1.8.0_181]
	at sun.security.ssl.SSLSocketImpl.startHandshake(Unknown Source) ~[?:1.8.0_181]
	at sun.net.www.protocol.https.HttpsClient.afterConnect(Unknown Source) ~[?:1.8.0_181]
	at sun.net.www.protocol.https.AbstractDelegateHttpsURLConnection.connect(Unknown Source) ~[?:1.8.0_181]
	at sun.net.www.protocol.http.HttpURLConnection.getInputStream0(Unknown Source) ~[?:1.8.0_181]
	at sun.net.www.protocol.http.HttpURLConnection.access$200(Unknown Source) ~[?:1.8.0_181]
	at sun.net.www.protocol.http.HttpURLConnection$9.run(Unknown Source) ~[?:1.8.0_181]
	at sun.net.www.protocol.http.HttpURLConnection$9.run(Unknown Source) ~[?:1.8.0_181]
	at java.security.AccessController.doPrivileged(Native Method) ~[?:1.8.0_181]
	at java.security.AccessController.doPrivilegedWithCombiner(Unknown Source) ~[?:1.8.0_181]
	at sun.net.www.protocol.http.HttpURLConnection.getInputStream(Unknown Source) ~[?:1.8.0_181]
	at sun.net.www.protocol.https.HttpsURLConnectionImpl.getInputStream(Unknown Source) ~[?:1.8.0_181]
	at java.net.URL.openStream(Unknown Source) ~[?:1.8.0_181]
	at com.someguyssoftware.gottschcore.version.VersionChecker.getVersionUsingForge(VersionChecker.java:114) [VersionChecker.class:?]
	at com.someguyssoftware.gottschcore.mod.AbstractMod.postInit(AbstractMod.java:62) [AbstractMod.class:?]
	at com.someguyssoftware.treasure2.Treasure.postInit(Treasure.java:243) [Treasure.class:?]
	at sun.reflect.NativeMethodAccessorImpl.invoke0(Native Method) ~[?:1.8.0_181]
	at sun.reflect.NativeMethodAccessorImpl.invoke(Unknown Source) ~[?:1.8.0_181]
	at sun.reflect.DelegatingMethodAccessorImpl.invoke(Unknown Source) ~[?:1.8.0_181]
	at java.lang.reflect.Method.invoke(Unknown Source) ~[?:1.8.0_181]
	at net.minecraftforge.fml.common.FMLModContainer.handleModStateEvent(FMLModContainer.java:637) [FMLModContainer.class:?]
	at sun.reflect.GeneratedMethodAccessor9.invoke(Unknown Source) ~[?:?]
	at sun.reflect.DelegatingMethodAccessorImpl.invoke(Unknown Source) ~[?:1.8.0_181]
	at java.lang.reflect.Method.invoke(Unknown Source) ~[?:1.8.0_181]
	at com.google.common.eventbus.Subscriber.invokeSubscriberMethod(Subscriber.java:91) [guava-21.0.jar:?]
	at com.google.common.eventbus.Subscriber$SynchronizedSubscriber.invokeSubscriberMethod(Subscriber.java:150) [guava-21.0.jar:?]
	at com.google.common.eventbus.Subscriber$1.run(Subscriber.java:76) [guava-21.0.jar:?]
	at com.google.common.util.concurrent.MoreExecutors$DirectExecutor.execute(MoreExecutors.java:399) [guava-21.0.jar:?]
	at com.google.common.eventbus.Subscriber.dispatchEvent(Subscriber.java:71) [guava-21.0.jar:?]
	at com.google.common.eventbus.Dispatcher$PerThreadQueuedDispatcher.dispatch(Dispatcher.java:116) [guava-21.0.jar:?]
	at com.google.common.eventbus.EventBus.post(EventBus.java:217) [guava-21.0.jar:?]
	at net.minecraftforge.fml.common.LoadController.sendEventToModContainer(LoadController.java:219) [LoadController.class:?]
	at net.minecraftforge.fml.common.LoadController.propogateStateMessage(LoadController.java:197) [LoadController.class:?]
	at sun.reflect.NativeMethodAccessorImpl.invoke0(Native Method) ~[?:1.8.0_181]
	at sun.reflect.NativeMethodAccessorImpl.invoke(Unknown Source) ~[?:1.8.0_181]
	at sun.reflect.DelegatingMethodAccessorImpl.invoke(Unknown Source) ~[?:1.8.0_181]
	at java.lang.reflect.Method.invoke(Unknown Source) ~[?:1.8.0_181]
	at com.google.common.eventbus.Subscriber.invokeSubscriberMethod(Subscriber.java:91) [guava-21.0.jar:?]
	at com.google.common.eventbus.Subscriber$SynchronizedSubscriber.invokeSubscriberMethod(Subscriber.java:150) [guava-21.0.jar:?]
	at com.google.common.eventbus.Subscriber$1.run(Subscriber.java:76) [guava-21.0.jar:?]
	at com.google.common.util.concurrent.MoreExecutors$DirectExecutor.execute(MoreExecutors.java:399) [guava-21.0.jar:?]
	at com.google.common.eventbus.Subscriber.dispatchEvent(Subscriber.java:71) [guava-21.0.jar:?]
	at com.google.common.eventbus.Dispatcher$PerThreadQueuedDispatcher.dispatch(Dispatcher.java:116) [guava-21.0.jar:?]
	at com.google.common.eventbus.EventBus.post(EventBus.java:217) [guava-21.0.jar:?]
	at net.minecraftforge.fml.common.LoadController.distributeStateMessage(LoadController.java:136) [LoadController.class:?]
	at net.minecraftforge.fml.common.Loader.initializeMods(Loader.java:749) [Loader.class:?]
	at net.minecraftforge.fml.client.FMLClientHandler.finishMinecraftLoading(FMLClientHandler.java:336) [FMLClientHandler.class:?]
	at net.minecraft.client.Minecraft.func_71384_a(Minecraft.java:535) [bib.class:?]
	at net.minecraft.client.Minecraft.func_99999_d(Minecraft.java:378) [bib.class:?]
	at net.minecraft.client.main.Main.main(SourceFile:123) [Main.class:?]
	at sun.reflect.NativeMethodAccessorImpl.invoke0(Native Method) ~[?:1.8.0_181]
	at sun.reflect.NativeMethodAccessorImpl.invoke(Unknown Source) ~[?:1.8.0_181]
	at sun.reflect.DelegatingMethodAccessorImpl.invoke(Unknown Source) ~[?:1.8.0_181]
	at java.lang.reflect.Method.invoke(Unknown Source) ~[?:1.8.0_181]
	at net.minecraft.launchwrapper.Launch.launch(Launch.java:135) [launchwrapper-1.12.jar:?]
	at net.minecraft.launchwrapper.Launch.main(Launch.java:28) [launchwrapper-1.12.jar:?]
2019-12-05 23:29:45,768 [Client thread] WARN GottschCore | VersionChecker.java:55 | Bad URL: 
2019-12-05 23:44:56,079 [Client thread] ERROR GottschCore | AbstractResourceManager.java:173 | Unable to locate resource /structures/treasure2/float/
2019-12-05 23:45:01,450 [Client thread] INFO GottschCore | VersionChecker.java:110 | [gottschcore] Starting version check at https://raw.githubusercontent.com/gottsch/gottsch-minecraft-GottschCore/master/GottschCore1.12.2/update.json
2019-12-05 23:45:04,304 [Client thread] INFO GottschCore | VersionChecker.java:110 | [treasure2] Starting version check at https://raw.githubusercontent.com/gottsch/gottsch-minecraft-Treasure/master/Treasure2-1.12.2/update.json
2019-12-06 20:18:05,246 [Client thread] ERROR GottschCore | AbstractResourceManager.java:173 | Unable to locate resource /structures/treasure2/float/
2019-12-06 20:18:10,754 [Client thread] INFO GottschCore | VersionChecker.java:110 | [gottschcore] Starting version check at https://raw.githubusercontent.com/gottsch/gottsch-minecraft-GottschCore/master/GottschCore1.12.2/update.json
2019-12-06 20:18:13,386 [Client thread] INFO GottschCore | VersionChecker.java:110 | [treasure2] Starting version check at https://raw.githubusercontent.com/gottsch/gottsch-minecraft-Treasure/master/Treasure2-1.12.2/update.json
2019-12-06 21:44:22,107 [Client thread] ERROR GottschCore | AbstractResourceManager.java:173 | Unable to locate resource /structures/treasure2/float/
2019-12-06 21:44:27,908 [Client thread] INFO GottschCore | VersionChecker.java:110 | [gottschcore] Starting version check at https://raw.githubusercontent.com/gottsch/gottsch-minecraft-GottschCore/master/GottschCore1.12.2/update.json
2019-12-06 21:44:30,929 [Client thread] INFO GottschCore | VersionChecker.java:110 | [treasure2] Starting version check at https://raw.githubusercontent.com/gottsch/gottsch-minecraft-Treasure/master/Treasure2-1.12.2/update.json
2019-12-06 21:50:28,373 [Client thread] ERROR GottschCore | AbstractResourceManager.java:173 | Unable to locate resource /structures/treasure2/float/
2019-12-06 21:50:34,187 [Client thread] INFO GottschCore | VersionChecker.java:110 | [gottschcore] Starting version check at https://raw.githubusercontent.com/gottsch/gottsch-minecraft-GottschCore/master/GottschCore1.12.2/update.json
2019-12-06 21:50:37,040 [Client thread] INFO GottschCore | VersionChecker.java:110 | [treasure2] Starting version check at https://raw.githubusercontent.com/gottsch/gottsch-minecraft-Treasure/master/Treasure2-1.12.2/update.json
2019-12-06 22:39:15,037 [Client thread] ERROR GottschCore | AbstractResourceManager.java:173 | Unable to locate resource /structures/treasure2/float/
2019-12-06 22:39:20,749 [Client thread] INFO GottschCore | VersionChecker.java:110 | [gottschcore] Starting version check at https://raw.githubusercontent.com/gottsch/gottsch-minecraft-GottschCore/master/GottschCore1.12.2/update.json
2019-12-06 22:39:23,483 [Client thread] INFO GottschCore | VersionChecker.java:110 | [treasure2] Starting version check at https://raw.githubusercontent.com/gottsch/gottsch-minecraft-Treasure/master/Treasure2-1.12.2/update.json
2019-12-06 23:09:58,808 [Client thread] ERROR GottschCore | AbstractResourceManager.java:173 | Unable to locate resource /structures/treasure2/float/
2019-12-06 23:10:04,440 [Client thread] INFO GottschCore | VersionChecker.java:110 | [gottschcore] Starting version check at https://raw.githubusercontent.com/gottsch/gottsch-minecraft-GottschCore/master/GottschCore1.12.2/update.json
2019-12-06 23:10:07,011 [Client thread] INFO GottschCore | VersionChecker.java:110 | [treasure2] Starting version check at https://raw.githubusercontent.com/gottsch/gottsch-minecraft-Treasure/master/Treasure2-1.12.2/update.json
2019-12-07 00:48:40,052 [Client thread] ERROR GottschCore | AbstractResourceManager.java:173 | Unable to locate resource /structures/treasure2/float/
2019-12-07 00:48:45,577 [Client thread] INFO GottschCore | VersionChecker.java:110 | [gottschcore] Starting version check at https://raw.githubusercontent.com/gottsch/gottsch-minecraft-GottschCore/master/GottschCore1.12.2/update.json
2019-12-07 00:48:48,634 [Client thread] INFO GottschCore | VersionChecker.java:110 | [treasure2] Starting version check at https://raw.githubusercontent.com/gottsch/gottsch-minecraft-Treasure/master/Treasure2-1.12.2/update.json
2019-12-07 00:55:18,170 [Client thread] ERROR GottschCore | AbstractResourceManager.java:173 | Unable to locate resource /structures/treasure2/float/
2019-12-07 00:55:23,781 [Client thread] INFO GottschCore | VersionChecker.java:110 | [gottschcore] Starting version check at https://raw.githubusercontent.com/gottsch/gottsch-minecraft-GottschCore/master/GottschCore1.12.2/update.json
2019-12-07 00:55:26,695 [Client thread] INFO GottschCore | VersionChecker.java:110 | [treasure2] Starting version check at https://raw.githubusercontent.com/gottsch/gottsch-minecraft-Treasure/master/Treasure2-1.12.2/update.json
2019-12-07 01:05:16,742 [Client thread] ERROR GottschCore | AbstractResourceManager.java:173 | Unable to locate resource /structures/treasure2/float/
2019-12-07 01:05:22,261 [Client thread] INFO GottschCore | VersionChecker.java:110 | [gottschcore] Starting version check at https://raw.githubusercontent.com/gottsch/gottsch-minecraft-GottschCore/master/GottschCore1.12.2/update.json
2019-12-07 01:05:24,960 [Client thread] INFO GottschCore | VersionChecker.java:110 | [treasure2] Starting version check at https://raw.githubusercontent.com/gottsch/gottsch-minecraft-Treasure/master/Treasure2-1.12.2/update.json
2019-12-07 01:23:59,661 [Client thread] ERROR GottschCore | AbstractResourceManager.java:173 | Unable to locate resource /structures/treasure2/float/
2019-12-07 01:24:05,089 [Client thread] INFO GottschCore | VersionChecker.java:110 | [gottschcore] Starting version check at https://raw.githubusercontent.com/gottsch/gottsch-minecraft-GottschCore/master/GottschCore1.12.2/update.json
2019-12-07 01:24:07,697 [Client thread] INFO GottschCore | VersionChecker.java:110 | [treasure2] Starting version check at https://raw.githubusercontent.com/gottsch/gottsch-minecraft-Treasure/master/Treasure2-1.12.2/update.json
2019-12-07 19:41:22,695 [Client thread] ERROR GottschCore | AbstractResourceManager.java:173 | Unable to locate resource /structures/treasure2/float/
2019-12-07 19:41:28,379 [Client thread] INFO GottschCore | VersionChecker.java:110 | [gottschcore] Starting version check at https://raw.githubusercontent.com/gottsch/gottsch-minecraft-GottschCore/master/GottschCore1.12.2/update.json
2019-12-07 19:41:30,976 [Client thread] INFO GottschCore | VersionChecker.java:110 | [treasure2] Starting version check at https://raw.githubusercontent.com/gottsch/gottsch-minecraft-Treasure/master/Treasure2-1.12.2/update.json
2019-12-08 00:19:27,222 [Client thread] ERROR GottschCore | AbstractResourceManager.java:173 | Unable to locate resource /structures/treasure2/float/
2019-12-08 00:19:32,780 [Client thread] INFO GottschCore | VersionChecker.java:110 | [gottschcore] Starting version check at https://raw.githubusercontent.com/gottsch/gottsch-minecraft-GottschCore/master/GottschCore1.12.2/update.json
2019-12-08 00:19:35,392 [Client thread] INFO GottschCore | VersionChecker.java:110 | [treasure2] Starting version check at https://raw.githubusercontent.com/gottsch/gottsch-minecraft-Treasure/master/Treasure2-1.12.2/update.json
2019-12-09 22:01:34,669 [Client thread] ERROR GottschCore | AbstractResourceManager.java:173 | Unable to locate resource /structures/treasure2/float/
2019-12-09 22:01:40,404 [Client thread] INFO GottschCore | VersionChecker.java:110 | [gottschcore] Starting version check at https://raw.githubusercontent.com/gottsch/gottsch-minecraft-GottschCore/master/GottschCore1.12.2/update.json
2019-12-09 22:01:43,211 [Client thread] INFO GottschCore | VersionChecker.java:110 | [treasure2] Starting version check at https://raw.githubusercontent.com/gottsch/gottsch-minecraft-Treasure/master/Treasure2-1.12.2/update.json
2019-12-09 23:05:29,230 [Client thread] ERROR GottschCore | AbstractResourceManager.java:173 | Unable to locate resource /structures/treasure2/float/
2019-12-09 23:05:34,814 [Client thread] INFO GottschCore | VersionChecker.java:110 | [gottschcore] Starting version check at https://raw.githubusercontent.com/gottsch/gottsch-minecraft-GottschCore/master/GottschCore1.12.2/update.json
2019-12-09 23:05:37,625 [Client thread] INFO GottschCore | VersionChecker.java:110 | [treasure2] Starting version check at https://raw.githubusercontent.com/gottsch/gottsch-minecraft-Treasure/master/Treasure2-1.12.2/update.json
2019-12-10 00:01:54,620 [Client thread] ERROR GottschCore | AbstractResourceManager.java:173 | Unable to locate resource /structures/treasure2/float/
2019-12-10 00:02:00,551 [Client thread] INFO GottschCore | VersionChecker.java:110 | [gottschcore] Starting version check at https://raw.githubusercontent.com/gottsch/gottsch-minecraft-GottschCore/master/GottschCore1.12.2/update.json
2019-12-10 00:02:03,310 [Client thread] INFO GottschCore | VersionChecker.java:110 | [treasure2] Starting version check at https://raw.githubusercontent.com/gottsch/gottsch-minecraft-Treasure/master/Treasure2-1.12.2/update.json
2019-12-10 20:55:03,338 [Client thread] ERROR GottschCore | AbstractResourceManager.java:173 | Unable to locate resource /structures/treasure2/float/
2019-12-10 20:55:09,373 [Client thread] INFO GottschCore | VersionChecker.java:110 | [gottschcore] Starting version check at https://raw.githubusercontent.com/gottsch/gottsch-minecraft-GottschCore/master/GottschCore1.12.2/update.json
2019-12-10 20:55:12,229 [Client thread] INFO GottschCore | VersionChecker.java:110 | [treasure2] Starting version check at https://raw.githubusercontent.com/gottsch/gottsch-minecraft-Treasure/master/Treasure2-1.12.2/update.json
2019-12-10 23:03:07,972 [Client thread] ERROR GottschCore | AbstractResourceManager.java:173 | Unable to locate resource /structures/treasure2/float/
2019-12-10 23:03:14,020 [Client thread] INFO GottschCore | VersionChecker.java:110 | [gottschcore] Starting version check at https://raw.githubusercontent.com/gottsch/gottsch-minecraft-GottschCore/master/GottschCore1.12.2/update.json
2019-12-10 23:03:16,666 [Client thread] INFO GottschCore | VersionChecker.java:110 | [treasure2] Starting version check at https://raw.githubusercontent.com/gottsch/gottsch-minecraft-Treasure/master/Treasure2-1.12.2/update.json
2019-12-11 20:06:46,087 [Client thread] ERROR GottschCore | AbstractResourceManager.java:173 | Unable to locate resource /structures/treasure2/float/
2019-12-11 20:06:51,927 [Client thread] INFO GottschCore | VersionChecker.java:110 | [gottschcore] Starting version check at https://raw.githubusercontent.com/gottsch/gottsch-minecraft-GottschCore/master/GottschCore1.12.2/update.json
2019-12-11 20:06:54,713 [Client thread] INFO GottschCore | VersionChecker.java:110 | [treasure2] Starting version check at https://raw.githubusercontent.com/gottsch/gottsch-minecraft-Treasure/master/Treasure2-1.12.2/update.json
2019-12-11 20:57:33,773 [Client thread] ERROR GottschCore | AbstractResourceManager.java:173 | Unable to locate resource /structures/treasure2/float/
2019-12-11 20:57:39,380 [Client thread] INFO GottschCore | VersionChecker.java:110 | [gottschcore] Starting version check at https://raw.githubusercontent.com/gottsch/gottsch-minecraft-GottschCore/master/GottschCore1.12.2/update.json
2019-12-11 20:57:42,092 [Client thread] INFO GottschCore | VersionChecker.java:110 | [treasure2] Starting version check at https://raw.githubusercontent.com/gottsch/gottsch-minecraft-Treasure/master/Treasure2-1.12.2/update.json
2019-12-11 21:44:08,392 [Client thread] ERROR GottschCore | AbstractResourceManager.java:173 | Unable to locate resource /structures/treasure2/float/
2019-12-11 21:44:14,294 [Client thread] INFO GottschCore | VersionChecker.java:110 | [gottschcore] Starting version check at https://raw.githubusercontent.com/gottsch/gottsch-minecraft-GottschCore/master/GottschCore1.12.2/update.json
2019-12-11 21:44:17,074 [Client thread] INFO GottschCore | VersionChecker.java:110 | [treasure2] Starting version check at https://raw.githubusercontent.com/gottsch/gottsch-minecraft-Treasure/master/Treasure2-1.12.2/update.json
2019-12-11 22:32:41,270 [Client thread] ERROR GottschCore | AbstractResourceManager.java:173 | Unable to locate resource /structures/treasure2/float/
2019-12-11 22:32:46,998 [Client thread] INFO GottschCore | VersionChecker.java:110 | [gottschcore] Starting version check at https://raw.githubusercontent.com/gottsch/gottsch-minecraft-GottschCore/master/GottschCore1.12.2/update.json
2019-12-11 22:32:49,854 [Client thread] INFO GottschCore | VersionChecker.java:110 | [treasure2] Starting version check at https://raw.githubusercontent.com/gottsch/gottsch-minecraft-Treasure/master/Treasure2-1.12.2/update.json
2019-12-11 22:45:19,611 [Client thread] ERROR GottschCore | AbstractResourceManager.java:173 | Unable to locate resource /structures/treasure2/float/
2019-12-11 22:45:25,975 [Client thread] INFO GottschCore | VersionChecker.java:110 | [gottschcore] Starting version check at https://raw.githubusercontent.com/gottsch/gottsch-minecraft-GottschCore/master/GottschCore1.12.2/update.json
2019-12-11 22:45:28,761 [Client thread] INFO GottschCore | VersionChecker.java:110 | [treasure2] Starting version check at https://raw.githubusercontent.com/gottsch/gottsch-minecraft-Treasure/master/Treasure2-1.12.2/update.json
2019-12-12 21:56:09,370 [Client thread] ERROR GottschCore | AbstractResourceManager.java:173 | Unable to locate resource /structures/treasure2/float/
2019-12-12 21:56:15,473 [Client thread] INFO GottschCore | VersionChecker.java:110 | [gottschcore] Starting version check at https://raw.githubusercontent.com/gottsch/gottsch-minecraft-GottschCore/master/GottschCore1.12.2/update.json
2019-12-12 21:56:18,188 [Client thread] INFO GottschCore | VersionChecker.java:110 | [treasure2] Starting version check at https://raw.githubusercontent.com/gottsch/gottsch-minecraft-Treasure/master/Treasure2-1.12.2/update.json
2019-12-22 00:58:20,069 [Client thread] ERROR GottschCore | AbstractResourceManager.java:173 | Unable to locate resource /structures/treasure2/float/
2019-12-22 00:58:26,021 [Client thread] INFO GottschCore | VersionChecker.java:110 | [gottschcore] Starting version check at https://raw.githubusercontent.com/gottsch/gottsch-minecraft-GottschCore/master/GottschCore1.12.2/update.json
2019-12-22 00:58:28,908 [Client thread] INFO GottschCore | VersionChecker.java:110 | [treasure2] Starting version check at https://raw.githubusercontent.com/gottsch/gottsch-minecraft-Treasure/master/Treasure2-1.12.2/update.json
2020-01-03 22:10:46,491 [Client thread] ERROR GottschCore | AbstractResourceManager.java:173 | Unable to locate resource /structures/treasure2/float/
2020-01-03 22:10:52,063 [Client thread] INFO GottschCore | VersionChecker.java:110 | [gottschcore] Starting version check at https://raw.githubusercontent.com/gottsch/gottsch-minecraft-GottschCore/master/GottschCore1.12.2/update.json
2020-01-03 22:10:55,039 [Client thread] INFO GottschCore | VersionChecker.java:110 | [treasure2] Starting version check at https://raw.githubusercontent.com/gottsch/gottsch-minecraft-Treasure/master/Treasure2-1.12.2/update.json
2020-01-03 22:56:21,705 [Client thread] ERROR GottschCore | AbstractResourceManager.java:173 | Unable to locate resource /structures/treasure2/float/
2020-01-03 22:56:27,720 [Client thread] INFO GottschCore | VersionChecker.java:110 | [gottschcore] Starting version check at https://raw.githubusercontent.com/gottsch/gottsch-minecraft-GottschCore/master/GottschCore1.12.2/update.json
2020-01-03 22:56:30,468 [Client thread] INFO GottschCore | VersionChecker.java:110 | [treasure2] Starting version check at https://raw.githubusercontent.com/gottsch/gottsch-minecraft-Treasure/master/Treasure2-1.12.2/update.json
2020-01-09 18:41:40,116 [Client thread] ERROR GottschCore | AbstractResourceManager.java:173 | Unable to locate resource /structures/treasure2/float/
2020-01-09 18:41:45,913 [Client thread] INFO GottschCore | VersionChecker.java:110 | [gottschcore] Starting version check at https://raw.githubusercontent.com/gottsch/gottsch-minecraft-GottschCore/master/GottschCore1.12.2/update.json
2020-01-09 18:41:48,858 [Client thread] INFO GottschCore | VersionChecker.java:110 | [treasure2] Starting version check at https://raw.githubusercontent.com/gottsch/gottsch-minecraft-Treasure/master/Treasure2-1.12.2/update.json
2020-01-09 23:25:46,276 [Client thread] ERROR GottschCore | AbstractResourceManager.java:173 | Unable to locate resource /structures/treasure2/float/
2020-01-09 23:25:52,430 [Client thread] INFO GottschCore | VersionChecker.java:110 | [gottschcore] Starting version check at https://raw.githubusercontent.com/gottsch/gottsch-minecraft-GottschCore/master/GottschCore1.12.2/update.json
2020-01-09 23:25:55,554 [Client thread] INFO GottschCore | VersionChecker.java:110 | [treasure2] Starting version check at https://raw.githubusercontent.com/gottsch/gottsch-minecraft-Treasure/master/Treasure2-1.12.2/update.json
2020-01-09 23:39:34,958 [Client thread] ERROR GottschCore | AbstractResourceManager.java:173 | Unable to locate resource /structures/treasure2/float/
2020-01-09 23:39:40,875 [Client thread] INFO GottschCore | VersionChecker.java:110 | [gottschcore] Starting version check at https://raw.githubusercontent.com/gottsch/gottsch-minecraft-GottschCore/master/GottschCore1.12.2/update.json
2020-01-09 23:39:44,034 [Client thread] INFO GottschCore | VersionChecker.java:110 | [treasure2] Starting version check at https://raw.githubusercontent.com/gottsch/gottsch-minecraft-Treasure/master/Treasure2-1.12.2/update.json
2020-01-10 00:54:45,399 [Client thread] ERROR GottschCore | AbstractResourceManager.java:173 | Unable to locate resource /structures/treasure2/float/
2020-01-10 00:54:51,527 [Client thread] INFO GottschCore | VersionChecker.java:110 | [gottschcore] Starting version check at https://raw.githubusercontent.com/gottsch/gottsch-minecraft-GottschCore/master/GottschCore1.12.2/update.json
2020-01-10 00:54:54,396 [Client thread] INFO GottschCore | VersionChecker.java:110 | [treasure2] Starting version check at https://raw.githubusercontent.com/gottsch/gottsch-minecraft-Treasure/master/Treasure2-1.12.2/update.json
2020-01-10 01:01:04,031 [Client thread] ERROR GottschCore | AbstractResourceManager.java:173 | Unable to locate resource /structures/treasure2/float/
2020-01-10 01:01:09,926 [Client thread] INFO GottschCore | VersionChecker.java:110 | [gottschcore] Starting version check at https://raw.githubusercontent.com/gottsch/gottsch-minecraft-GottschCore/master/GottschCore1.12.2/update.json
2020-01-10 01:01:12,504 [Client thread] INFO GottschCore | VersionChecker.java:110 | [treasure2] Starting version check at https://raw.githubusercontent.com/gottsch/gottsch-minecraft-Treasure/master/Treasure2-1.12.2/update.json
2020-01-10 13:32:31,653 [Client thread] ERROR GottschCore | AbstractResourceManager.java:173 | Unable to locate resource /structures/treasure2/float/
2020-01-10 13:32:37,724 [Client thread] INFO GottschCore | VersionChecker.java:110 | [gottschcore] Starting version check at https://raw.githubusercontent.com/gottsch/gottsch-minecraft-GottschCore/master/GottschCore1.12.2/update.json
2020-01-10 13:32:40,514 [Client thread] INFO GottschCore | VersionChecker.java:110 | [treasure2] Starting version check at https://raw.githubusercontent.com/gottsch/gottsch-minecraft-Treasure/master/Treasure2-1.12.2/update.json
2020-01-11 01:17:01,931 [Client thread] ERROR GottschCore | AbstractResourceManager.java:173 | Unable to locate resource /structures/treasure2/float/
2020-01-11 01:17:08,018 [Client thread] INFO GottschCore | VersionChecker.java:110 | [gottschcore] Starting version check at https://raw.githubusercontent.com/gottsch/gottsch-minecraft-GottschCore/master/GottschCore1.12.2/update.json
2020-01-11 01:17:11,014 [Client thread] INFO GottschCore | VersionChecker.java:110 | [treasure2] Starting version check at https://raw.githubusercontent.com/gottsch/gottsch-minecraft-Treasure/master/Treasure2-1.12.2/update.json
2020-01-11 01:46:57,229 [Client thread] ERROR GottschCore | AbstractResourceManager.java:173 | Unable to locate resource /structures/treasure2/float/
2020-01-11 01:47:02,965 [Client thread] INFO GottschCore | VersionChecker.java:110 | [gottschcore] Starting version check at https://raw.githubusercontent.com/gottsch/gottsch-minecraft-GottschCore/master/GottschCore1.12.2/update.json
2020-01-11 01:47:06,555 [Client thread] INFO GottschCore | VersionChecker.java:110 | [treasure2] Starting version check at https://raw.githubusercontent.com/gottsch/gottsch-minecraft-Treasure/master/Treasure2-1.12.2/update.json
2020-01-11 01:55:42,021 [Client thread] ERROR GottschCore | AbstractResourceManager.java:173 | Unable to locate resource /structures/treasure2/float/
2020-01-11 01:55:47,756 [Client thread] INFO GottschCore | VersionChecker.java:110 | [gottschcore] Starting version check at https://raw.githubusercontent.com/gottsch/gottsch-minecraft-GottschCore/master/GottschCore1.12.2/update.json
2020-01-11 01:55:50,413 [Client thread] INFO GottschCore | VersionChecker.java:110 | [treasure2] Starting version check at https://raw.githubusercontent.com/gottsch/gottsch-minecraft-Treasure/master/Treasure2-1.12.2/update.json
2020-01-11 22:36:45,947 [Client thread] ERROR GottschCore | AbstractResourceManager.java:173 | Unable to locate resource /structures/treasure2/float/
2020-01-11 22:36:51,987 [Client thread] INFO GottschCore | VersionChecker.java:110 | [gottschcore] Starting version check at https://raw.githubusercontent.com/gottsch/gottsch-minecraft-GottschCore/master/GottschCore1.12.2/update.json
2020-01-11 22:36:54,767 [Client thread] INFO GottschCore | VersionChecker.java:110 | [treasure2] Starting version check at https://raw.githubusercontent.com/gottsch/gottsch-minecraft-Treasure/master/Treasure2-1.12.2/update.json
2020-04-23 17:54:00,504 [Client thread] ERROR GottschCore | AbstractResourceManager.java:173 | Unable to locate resource /structures/treasure2/float/
2020-04-23 17:54:06,400 [Client thread] INFO GottschCore | VersionChecker.java:110 | [gottschcore] Starting version check at https://raw.githubusercontent.com/gottsch/gottsch-minecraft-GottschCore/master/GottschCore1.12.2/update.json
2020-04-23 17:54:10,866 [Client thread] INFO GottschCore | VersionChecker.java:110 | [treasure2] Starting version check at https://raw.githubusercontent.com/gottsch/gottsch-minecraft-Treasure/master/Treasure2-1.12.2/update.json
