[00:00:45] [Server thread/INFO]: [wenryELweko: Opped Foxer_nightmare]
[00:00:51] [Server thread/INFO]: [wenryELweko: Teleported Foxer_nightmare to wenryELweko]
[00:01:17] [Server thread/INFO]: [wenryELweko: Teleported wenryELweko to -215.5,68.5,718.5]
[00:01:20] [Server thread/INFO]: [wenryELweko: Teleported Foxer_nightmare to wenryELweko]
[00:03:11] [Server thread/INFO]: [wenryELweko: Teleported wenryELweko to 19.5,74.5,89.5]
[00:03:46] [Server thread/INFO]: [Foxer_nightmare: Teleported Foxer_nightmare to wenryELweko]
[00:04:42] [Server thread/INFO]: [wenryELweko: Teleported wenryELweko to 76.5,101.5,-1503.5]
[00:04:48] [Server thread/INFO]: [wenryELweko: Teleported wenryELweko to 19.5,74.5,89.5]
[00:04:54] [Server thread/INFO]: [wenryELweko: Teleported wenryELweko to Foxer_nightmare]
[00:05:40] [Server thread/INFO]: [wenryELweko: Teleported wenryELweko to 950.5,63.5,-469.5]
[00:05:40] [Server thread/INFO]: Foxer_nightmare has just earned the achievement [Taking Inventory]
[00:05:46] [Server thread/INFO]: [Foxer_nightmare: Teleported Foxer_nightmare to wenryELweko]
[00:06:14] [Server thread/INFO]: Foxer_nightmare was slain by Hobgoblin
[00:06:22] [Server thread/INFO]: [Foxer_nightmare: Teleported Foxer_nightmare to wenryELweko]
[00:06:38] [Server thread/INFO]: Foxer_nightmare has just earned the achievement [Arcane Research]
[00:07:41] [Server thread/INFO]: wenryELweko was killed by Coven Witch using magic
[00:07:45] [Server thread/INFO]: [wenryELweko: Teleported wenryELweko to 1112.5,63.5,-525.5]
[00:09:17] [Server thread/INFO]: wenryELweko has just earned the achievement [The more you know]
[00:09:39] [Server thread/INFO]: Foxer_nightmare has just earned the achievement [Sky of Beginning]
[00:10:27] [Server thread/INFO]: waksisweiksis[/127.1.106.236:41833] logged in with entity id 31856 at (-214.56382543827416, 68.0, 717.4459441478704)
[00:10:27] [Server thread/INFO]: waksisweiksis joined the game
[00:12:12] [Server thread/INFO]: [waksisweiksis: Teleported waksisweiksis to wenryELweko]
[00:12:42] [Server thread/INFO]: [wenryELweko: Teleported waksisweiksis to wenryELweko]
[00:12:47] [Server thread/INFO]: [wenryELweko: Teleported wenryELweko to -215.5,68.5,718.5]
[00:12:48] [Server thread/INFO]: [Foxer_nightmare: Teleported Foxer_nightmare to wenryELweko]
[00:13:08] [Server thread/INFO]: wenryELweko has just earned the achievement [Time to Farm!]
[00:14:00] [Server thread/INFO]: Foxer_nightmare was slain by wenryELweko
[00:14:21] [Server thread/INFO]: [wenryELweko: Teleported Foxer_nightmare to wenryELweko]
[00:14:35] [Server thread/INFO]: [wenryELweko: Teleported wenryELweko to waksisweiksis]
[00:14:45] [Server thread/INFO]: [Foxer_nightmare: Teleported Foxer_nightmare to wenryELweko]
[00:15:32] [Server thread/INFO]: waksisweiksis was slain by Pech Forager
[00:15:42] [Server thread/INFO]: [waksisweiksis: Teleported waksisweiksis to 851.5,71.5,-466.5]
